# JRE version: Java(TM) SE Runtime Environment (8.0_121-b13) (build 1.8.0_121-b13)
# Java VM: Java HotSpot(TM) 64-Bit Server VM (25.121-b13 mixed mode windows-amd64 compressed oops)
Heap:
 PSYoungGen      total 154624K, used 84355K [0x00000000d5980000, 0x00000000e2180000, 0x0000000100000000)
  eden space 135168K, 49% used [0x00000000d5980000,0x00000000d9b313d0,0x00000000ddd80000)
  from space 19456K, 87% used [0x00000000df380000,0x00000000e042f9f8,0x00000000e0680000)
  to   space 22528K, 0% used [0x00000000ddd80000,0x00000000ddd80000,0x00000000df380000)
 ParOldGen       total 154624K, used 37188K [0x0000000080c00000, 0x000000008a300000, 0x00000000d5980000)
  object space 154624K, 24% used [0x0000000080c00000,0x0000000083051318,0x000000008a300000)
 Metaspace       used 61886K, capacity 63368K, committed 63616K, reserved 1103872K
  class space    used 8172K, capacity 8555K, committed 8576K, reserved 1048576K
GC Heap History (10 events):
Event: 25.987 GC heap before
{Heap before GC invocations=17 (full 2):
 PSYoungGen      total 114176K, used 114163K [0x00000000d5980000, 0x00000000ddb00000, 0x0000000100000000)
  eden space 102400K, 100% used [0x00000000d5980000,0x00000000dbd80000,0x00000000dbd80000)
  from space 11776K, 99% used [0x00000000dcb80000,0x00000000dd6fcc90,0x00000000dd700000)
  to   space 14336K, 0% used [0x00000000dbd80000,0x00000000dbd80000,0x00000000dcb80000)
 ParOldGen       total 103936K, used 20052K [0x0000000080c00000, 0x0000000087180000, 0x00000000d5980000)
  object space 103936K, 19% used [0x0000000080c00000,0x0000000081f95338,0x0000000087180000)
 Metaspace       used 56112K, capacity 57526K, committed 57600K, reserved 1099776K
  class space    used 7483K, capacity 7875K, committed 7936K, reserved 1048576K
Event: 26.005 GC heap after
Heap after GC invocations=17 (full 2):
 PSYoungGen      total 116736K, used 14304K [0x00000000d5980000, 0x00000000e0680000, 0x0000000100000000)
  eden space 102400K, 0% used [0x00000000d5980000,0x00000000d5980000,0x00000000dbd80000)
  from space 14336K, 99% used [0x00000000dbd80000,0x00000000dcb781f8,0x00000000dcb80000)
  to   space 19456K, 0% used [0x00000000df380000,0x00000000df380000,0x00000000e0680000)
 ParOldGen       total 103936K, used 29198K [0x0000000080c00000, 0x0000000087180000, 0x00000000d5980000)
  object space 103936K, 28% used [0x0000000080c00000,0x0000000082883a98,0x0000000087180000)
 Metaspace       used 56112K, capacity 57526K, committed 57600K, reserved 1099776K
  class space    used 7483K, capacity 7875K, committed 7936K, reserved 1048576K
}
Event: 26.308 GC heap before
{Heap before GC invocations=18 (full 2):
 PSYoungGen      total 116736K, used 57335K [0x00000000d5980000, 0x00000000e0680000, 0x0000000100000000)
  eden space 102400K, 42% used [0x00000000d5980000,0x00000000d8385b08,0x00000000dbd80000)
  from space 14336K, 99% used [0x00000000dbd80000,0x00000000dcb781f8,0x00000000dcb80000)
  to   space 19456K, 0% used [0x00000000df380000,0x00000000df380000,0x00000000e0680000)
 ParOldGen       total 103936K, used 29198K [0x0000000080c00000, 0x0000000087180000, 0x00000000d5980000)
  object space 103936K, 28% used [0x0000000080c00000,0x0000000082883a98,0x0000000087180000)
 Metaspace       used 57600K, capacity 59006K, committed 59136K, reserved 1099776K
  class space    used 7706K, capacity 8069K, committed 8192K, reserved 1048576K
Event: 26.319 GC heap after
Heap after GC invocations=18 (full 2):
 PSYoungGen      total 156160K, used 16076K [0x00000000d5980000, 0x00000000e0f80000, 0x0000000100000000)
  eden space 136704K, 0% used [0x00000000d5980000,0x00000000d5980000,0x00000000ddf00000)
  from space 19456K, 82% used [0x00000000df380000,0x00000000e0333330,0x00000000e0680000)
  to   space 20992K, 0% used [0x00000000ddf00000,0x00000000ddf00000,0x00000000df380000)
 ParOldGen       total 103936K, used 29206K [0x0000000080c00000, 0x0000000087180000, 0x00000000d5980000)
  object space 103936K, 28% used [0x0000000080c00000,0x0000000082885a98,0x0000000087180000)
 Metaspace       used 57600K, capacity 59006K, committed 59136K, reserved 1099776K
  class space    used 7706K, capacity 8069K, committed 8192K, reserved 1048576K
}
Event: 26.319 GC heap before
{Heap before GC invocations=19 (full 3):
 PSYoungGen      total 156160K, used 16076K [0x00000000d5980000, 0x00000000e0f80000, 0x0000000100000000)
  eden space 136704K, 0% used [0x00000000d5980000,0x00000000d5980000,0x00000000ddf00000)
  from space 19456K, 82% used [0x00000000df380000,0x00000000e0333330,0x00000000e0680000)
  to   space 20992K, 0% used [0x00000000ddf00000,0x00000000ddf00000,0x00000000df380000)
 ParOldGen       total 103936K, used 29206K [0x0000000080c00000, 0x0000000087180000, 0x00000000d5980000)
  object space 103936K, 28% used [0x0000000080c00000,0x0000000082885a98,0x0000000087180000)
 Metaspace       used 57600K, capacity 59006K, committed 59136K, reserved 1099776K
  class space    used 7706K, capacity 8069K, committed 8192K, reserved 1048576K
Event: 26.461 GC heap after
Heap after GC invocations=19 (full 3):
 PSYoungGen      total 156160K, used 0K [0x00000000d5980000, 0x00000000e0f80000, 0x0000000100000000)
  eden space 136704K, 0% used [0x00000000d5980000,0x00000000d5980000,0x00000000ddf00000)
  from space 19456K, 0% used [0x00000000df380000,0x00000000df380000,0x00000000e0680000)
  to   space 20992K, 0% used [0x00000000ddf00000,0x00000000ddf00000,0x00000000df380000)
 ParOldGen       total 154624K, used 37172K [0x0000000080c00000, 0x000000008a300000, 0x00000000d5980000)
  object space 154624K, 24% used [0x0000000080c00000,0x000000008304d318,0x000000008a300000)
 Metaspace       used 57536K, capacity 58868K, committed 59136K, reserved 1099776K
  class space    used 7689K, capacity 8023K, committed 8192K, reserved 1048576K
}
Event: 29.388 GC heap before
{Heap before GC invocations=20 (full 3):
 PSYoungGen      total 156160K, used 136704K [0x00000000d5980000, 0x00000000e0f80000, 0x0000000100000000)
  eden space 136704K, 100% used [0x00000000d5980000,0x00000000ddf00000,0x00000000ddf00000)
  from space 19456K, 0% used [0x00000000df380000,0x00000000df380000,0x00000000e0680000)
  to   space 20992K, 0% used [0x00000000ddf00000,0x00000000ddf00000,0x00000000df380000)
 ParOldGen       total 154624K, used 37172K [0x0000000080c00000, 0x000000008a300000, 0x00000000d5980000)
  object space 154624K, 24% used [0x0000000080c00000,0x000000008304d318,0x000000008a300000)
 Metaspace       used 61535K, capacity 62900K, committed 63104K, reserved 1103872K
  class space    used 8108K, capacity 8471K, committed 8576K, reserved 1048576K
Event: 29.402 GC heap after
Heap after GC invocations=20 (full 3):
 PSYoungGen      total 157696K, used 13955K [0x00000000d5980000, 0x00000000e0f80000, 0x0000000100000000)
  eden space 136704K, 0% used [0x00000000d5980000,0x00000000d5980000,0x00000000ddf00000)
  from space 20992K, 66% used [0x00000000ddf00000,0x00000000deca0d78,0x00000000df380000)
  to   space 19456K, 0% used [0x00000000df380000,0x00000000df380000,0x00000000e0680000)
 ParOldGen       total 154624K, used 37180K [0x0000000080c00000, 0x000000008a300000, 0x00000000d5980000)
  object space 154624K, 24% used [0x0000000080c00000,0x000000008304f318,0x000000008a300000)
 Metaspace       used 61535K, capacity 62900K, committed 63104K, reserved 1103872K
  class space    used 8108K, capacity 8471K, committed 8576K, reserved 1048576K
}
Event: 32.162 GC heap before
{Heap before GC invocations=21 (full 3):
 PSYoungGen      total 157696K, used 150659K [0x00000000d5980000, 0x00000000e0f80000, 0x0000000100000000)
  eden space 136704K, 100% used [0x00000000d5980000,0x00000000ddf00000,0x00000000ddf00000)
  from space 20992K, 66% used [0x00000000ddf00000,0x00000000deca0d78,0x00000000df380000)
  to   space 19456K, 0% used [0x00000000df380000,0x00000000df380000,0x00000000e0680000)
 ParOldGen       total 154624K, used 37180K [0x0000000080c00000, 0x000000008a300000, 0x00000000d5980000)
  object space 154624K, 24% used [0x0000000080c00000,0x000000008304f318,0x000000008a300000)
 Metaspace       used 61543K, capacity 62970K, committed 63104K, reserved 1103872K
  class space    used 8109K, capacity 8472K, committed 8576K, reserved 1048576K
Event: 32.175 GC heap after
Heap after GC invocations=21 (full 3):
 PSYoungGen      total 154624K, used 17086K [0x00000000d5980000, 0x00000000e2180000, 0x0000000100000000)
  eden space 135168K, 0% used [0x00000000d5980000,0x00000000d5980000,0x00000000ddd80000)
  from space 19456K, 87% used [0x00000000df380000,0x00000000e042f9f8,0x00000000e0680000)
  to   space 22528K, 0% used [0x00000000ddd80000,0x00000000ddd80000,0x00000000df380000)
 ParOldGen       total 154624K, used 37188K [0x0000000080c00000, 0x000000008a300000, 0x00000000d5980000)
  object space 154624K, 24% used [0x0000000080c00000,0x0000000083051318,0x000000008a300000)
 Metaspace       used 61543K, capacity 62970K, committed 63104K, reserved 1103872K
  class space    used 8109K, capacity 8472K, committed 8576K, reserved 1048576K
}

